<?xml version='1.0' encoding='UTF-8'?>
<testsuite hostname="Nishas-MacBook-Pro.local" name="wikipedia.WikipediaSuite" tests="5" errors="0" failures="5" skipped="0" time="12.369" timestamp="2019-12-27T23:04:31">
                     <properties>
[...]
</properties>
                     <testcase classname="wikipedia.WikipediaSuite" name="'rankLangsReduceByKey' should work for a simple RDD with five elements" time="12.355">
                                                 <failure message="java.lang.AssertionError: assertion failed:  -- did you fill in all the values in WikipediaRanking (conf, sc, wikiRdd)?" type="sbt.ForkMain$ForkError">sbt.ForkMain$ForkError: java.lang.AssertionError: assertion failed:  -- did you fill in all the values in WikipediaRanking (conf, sc, wikiRdd)?
	at scala.Predef$.assert(Predef.scala:219)
	at wikipedia.WikipediaSuite.$u0027rankLangsReduceByKey$u0027$u0020should$u0020work$u0020for$u0020a$u0020simple$u0020RDD$u0020with$u0020five$u0020elements(WikipediaSuite.scala:124)
	at sun.reflect.NativeMethodAccessorImpl.invoke0(Native Method)
	at sun.reflect.NativeMethodAccessorImpl.invoke(NativeMethodAccessorImpl.java:62)
	at sun.reflect.DelegatingMethodAccessorImpl.invoke(DelegatingMethodAccessorImpl.java:43)
	at java.lang.reflect.Method.invoke(Method.java:498)
	at org.junit.runners.model.FrameworkMethod$1.runReflectiveCall(FrameworkMethod.java:47)
	at org.junit.internal.runners.model.ReflectiveCallable.run(ReflectiveCallable.java:12)
	at org.junit.runners.model.FrameworkMethod.invokeExplosively(FrameworkMethod.java:44)
	at org.junit.internal.runners.statements.InvokeMethod.evaluate(InvokeMethod.java:17)
	at org.junit.internal.runners.statements.FailOnTimeout$StatementThread.run(FailOnTimeout.java:74)
</failure>
                                               </testcase><testcase classname="wikipedia.WikipediaSuite" name="'occurrencesOfLang' should work for (specific) RDD with one element" time="0.002">
                                                 <failure message="java.lang.AssertionError: assertion failed:  -- did you fill in all the values in WikipediaRanking (conf, sc, wikiRdd)?" type="sbt.ForkMain$ForkError">sbt.ForkMain$ForkError: java.lang.AssertionError: assertion failed:  -- did you fill in all the values in WikipediaRanking (conf, sc, wikiRdd)?
	at scala.Predef$.assert(Predef.scala:219)
	at wikipedia.WikipediaSuite.$u0027occurrencesOfLang$u0027$u0020should$u0020work$u0020for$u0020$u0028specific$u0029$u0020RDD$u0020with$u0020one$u0020element(WikipediaSuite.scala:79)
	at sun.reflect.NativeMethodAccessorImpl.invoke0(Native Method)
	at sun.reflect.NativeMethodAccessorImpl.invoke(NativeMethodAccessorImpl.java:62)
	at sun.reflect.DelegatingMethodAccessorImpl.invoke(DelegatingMethodAccessorImpl.java:43)
	at java.lang.reflect.Method.invoke(Method.java:498)
	at org.junit.runners.model.FrameworkMethod$1.runReflectiveCall(FrameworkMethod.java:47)
	at org.junit.internal.runners.model.ReflectiveCallable.run(ReflectiveCallable.java:12)
	at org.junit.runners.model.FrameworkMethod.invokeExplosively(FrameworkMethod.java:44)
	at org.junit.internal.runners.statements.InvokeMethod.evaluate(InvokeMethod.java:17)
	at org.junit.internal.runners.statements.FailOnTimeout$StatementThread.run(FailOnTimeout.java:74)
</failure>
                                               </testcase><testcase classname="wikipedia.WikipediaSuite" name="'rankLangs' should work for RDD with two elements" time="0.005">
                                                 <failure message="java.lang.AssertionError: assertion failed:  -- did you fill in all the values in WikipediaRanking (conf, sc, wikiRdd)?" type="sbt.ForkMain$ForkError">sbt.ForkMain$ForkError: java.lang.AssertionError: assertion failed:  -- did you fill in all the values in WikipediaRanking (conf, sc, wikiRdd)?
	at scala.Predef$.assert(Predef.scala:219)
	at wikipedia.WikipediaSuite.$u0027rankLangs$u0027$u0020should$u0020work$u0020for$u0020RDD$u0020with$u0020two$u0020elements(WikipediaSuite.scala:86)
	at sun.reflect.NativeMethodAccessorImpl.invoke0(Native Method)
	at sun.reflect.NativeMethodAccessorImpl.invoke(NativeMethodAccessorImpl.java:62)
	at sun.reflect.DelegatingMethodAccessorImpl.invoke(DelegatingMethodAccessorImpl.java:43)
	at java.lang.reflect.Method.invoke(Method.java:498)
	at org.junit.runners.model.FrameworkMethod$1.runReflectiveCall(FrameworkMethod.java:47)
	at org.junit.internal.runners.model.ReflectiveCallable.run(ReflectiveCallable.java:12)
	at org.junit.runners.model.FrameworkMethod.invokeExplosively(FrameworkMethod.java:44)
	at org.junit.internal.runners.statements.InvokeMethod.evaluate(InvokeMethod.java:17)
	at org.junit.internal.runners.statements.FailOnTimeout$StatementThread.run(FailOnTimeout.java:74)
</failure>
                                               </testcase><testcase classname="wikipedia.WikipediaSuite" name="'rankLangsUsingIndex' should work for a simple RDD with three elements" time="0.004">
                                                 <failure message="java.lang.AssertionError: assertion failed:  -- did you fill in all the values in WikipediaRanking (conf, sc, wikiRdd)?" type="sbt.ForkMain$ForkError">sbt.ForkMain$ForkError: java.lang.AssertionError: assertion failed:  -- did you fill in all the values in WikipediaRanking (conf, sc, wikiRdd)?
	at scala.Predef$.assert(Predef.scala:219)
	at wikipedia.WikipediaSuite.$u0027rankLangsUsingIndex$u0027$u0020should$u0020work$u0020for$u0020a$u0020simple$u0020RDD$u0020with$u0020three$u0020elements(WikipediaSuite.scala:109)
	at sun.reflect.NativeMethodAccessorImpl.invoke0(Native Method)
	at sun.reflect.NativeMethodAccessorImpl.invoke(NativeMethodAccessorImpl.java:62)
	at sun.reflect.DelegatingMethodAccessorImpl.invoke(DelegatingMethodAccessorImpl.java:43)
	at java.lang.reflect.Method.invoke(Method.java:498)
	at org.junit.runners.model.FrameworkMethod$1.runReflectiveCall(FrameworkMethod.java:47)
	at org.junit.internal.runners.model.ReflectiveCallable.run(ReflectiveCallable.java:12)
	at org.junit.runners.model.FrameworkMethod.invokeExplosively(FrameworkMethod.java:44)
	at org.junit.internal.runners.statements.InvokeMethod.evaluate(InvokeMethod.java:17)
	at org.junit.internal.runners.statements.FailOnTimeout$StatementThread.run(FailOnTimeout.java:74)
</failure>
                                               </testcase><testcase classname="wikipedia.WikipediaSuite" name="'makeIndex' creates a simple index with two entries" time="0.003">
                                                 <failure message="java.lang.AssertionError: assertion failed:  -- did you fill in all the values in WikipediaRanking (conf, sc, wikiRdd)?" type="sbt.ForkMain$ForkError">sbt.ForkMain$ForkError: java.lang.AssertionError: assertion failed:  -- did you fill in all the values in WikipediaRanking (conf, sc, wikiRdd)?
	at scala.Predef$.assert(Predef.scala:219)
	at wikipedia.WikipediaSuite.$u0027makeIndex$u0027$u0020creates$u0020a$u0020simple$u0020index$u0020with$u0020two$u0020entries(WikipediaSuite.scala:95)
	at sun.reflect.NativeMethodAccessorImpl.invoke0(Native Method)
	at sun.reflect.NativeMethodAccessorImpl.invoke(NativeMethodAccessorImpl.java:62)
	at sun.reflect.DelegatingMethodAccessorImpl.invoke(DelegatingMethodAccessorImpl.java:43)
	at java.lang.reflect.Method.invoke(Method.java:498)
	at org.junit.runners.model.FrameworkMethod$1.runReflectiveCall(FrameworkMethod.java:47)
	at org.junit.internal.runners.model.ReflectiveCallable.run(ReflectiveCallable.java:12)
	at org.junit.runners.model.FrameworkMethod.invokeExplosively(FrameworkMethod.java:44)
	at org.junit.internal.runners.statements.InvokeMethod.evaluate(InvokeMethod.java:17)
	at org.junit.internal.runners.statements.FailOnTimeout$StatementThread.run(FailOnTimeout.java:74)
</failure>
                                               </testcase>
                     <system-out><![CDATA[]]></system-out>
                     <system-err><![CDATA[]]></system-err>
                   </testsuite>